Build started 11/10/2015 7:22:50 PM.
     1>Project "E:\ASU\2015 Fall\CSE570\P3\Conformal\Subdivision\Subdivision.vcxproj" on node 2 (Build target(s)).
     1>ClCompile:
         D:\Program Files (x86)\Microsoft Visual Studio 14.0\VC\bin\CL.exe /c /I..\Core /ZI /nologo /W3 /WX- /Od /Oy- /D WIN32 /D _DEBUG /D _CONSOLE /D _UNICODE /D UNICODE /Gm /EHsc /RTC1 /MDd /GS /fp:precise /Zc:wchar_t /Zc:forScope /Zc:inline /Fo"Debug\\" /Fd"Debug\vc140.pdb" /Gd /TP /analyze- /errorReport:prompt /D "_CRT_SECURE_NO_DEPRECATE" Conformal.cpp
         Conformal.cpp
       Link:
         D:\Program Files (x86)\Microsoft Visual Studio 14.0\VC\bin\link.exe /ERRORREPORT:PROMPT /OUT:"E:\ASU\2015 Fall\CSE570\P3\Conformal\Subdivision\Debug\Subdivision.exe" /INCREMENTAL /NOLOGO kernel32.lib user32.lib gdi32.lib winspool.lib comdlg32.lib advapi32.lib shell32.lib ole32.lib oleaut32.lib uuid.lib odbc32.lib odbccp32.lib /MANIFEST /MANIFESTUAC:"level='asInvoker' uiAccess='false'" /manifest:embed /Debug /PDB:"E:\ASU\2015 Fall\CSE570\P3\Conformal\Subdivision\Debug\Subdivision.pdb" /SUBSYSTEM:CONSOLE /TLBID:1 /DYNAMICBASE /NXCOMPAT /IMPLIB:"E:\ASU\2015 Fall\CSE570\P3\Conformal\Subdivision\Debug\Subdivision.lib" /MACHINE:X86 Debug\Edge.obj
         Debug\Face.obj
         Debug\FException.obj
         Debug\HalfEdge.obj
         Debug\OBJFileReader.obj
         Debug\Parser.obj
         Debug\Point.obj
         Debug\Solid.obj
         Debug\SolidDelegate.obj
         Debug\StringTokenizer.obj
         Debug\TopologyException.obj
         Debug\Trait.obj
         Debug\Vertex.obj
         Debug\Conformal.obj
         Subdivision.vcxproj -> E:\ASU\2015 Fall\CSE570\P3\Conformal\Subdivision\Debug\Subdivision.exe
     1>Done Building Project "E:\ASU\2015 Fall\CSE570\P3\Conformal\Subdivision\Subdivision.vcxproj" (Build target(s)).

Build succeeded.

Time Elapsed 00:00:00.60
