生成启动时间为 2014/12/4 4:35:34。
     1>项目“C:\Users\YoungLee\Desktop\RayTrace123\RayTrace\RayTrace.vcxproj”在节点 2 上(Build 个目标)。
     1>ClCompile:
         G:\Program Files (x86)\Microsoft Visual Studio 12.0\VC\bin\CL.exe /c /Zi /nologo /W3 /WX- /O2 /Oi /Oy- /GL /D _MBCS /Gm- /EHsc /MD /GS /Gy /fp:precise /Zc:wchar_t /Zc:forScope /Fo"Release\\" /Fd"Release\vc120.pdb" /Gd /TP /analyze- /errorReport:prompt starter.cpp
         starter.cpp
     1>c:\users\younglee\desktop\raytrace123\raytrace\Scene.h(471): warning C4996: 'stricmp': The POSIX name for this item is deprecated. Instead, use the ISO C++ conformant name: _stricmp. See online help for details.
                 G:\Program Files (x86)\Microsoft Visual Studio 12.0\VC\include\string.h(253) : 参见“stricmp”的声明
     1>c:\users\younglee\desktop\raytrace123\raytrace\Scene.h(484): warning C4996: 'stricmp': The POSIX name for this item is deprecated. Instead, use the ISO C++ conformant name: _stricmp. See online help for details.
                 G:\Program Files (x86)\Microsoft Visual Studio 12.0\VC\include\string.h(253) : 参见“stricmp”的声明
     1>c:\users\younglee\desktop\raytrace123\raytrace\Scene.h(520): warning C4996: 'stricmp': The POSIX name for this item is deprecated. Instead, use the ISO C++ conformant name: _stricmp. See online help for details.
                 G:\Program Files (x86)\Microsoft Visual Studio 12.0\VC\include\string.h(253) : 参见“stricmp”的声明
     1>c:\users\younglee\desktop\raytrace123\raytrace\RayTrace.h(96): warning C4018: “<”: 有符号/无符号不匹配
     1>c:\users\younglee\desktop\raytrace123\raytrace\RayTrace.h(235): warning C4018: “<”: 有符号/无符号不匹配
     1>c:\users\younglee\desktop\raytrace123\raytrace\RayTrace.h(243): warning C4101: “triangle”: 未引用的局部变量
       Link:
         G:\Program Files (x86)\Microsoft Visual Studio 12.0\VC\bin\link.exe /ERRORREPORT:PROMPT /OUT:"C:\Users\YoungLee\Desktop\RayTrace123\Release\RayTrace.exe" /NOLOGO kernel32.lib user32.lib gdi32.lib winspool.lib comdlg32.lib advapi32.lib shell32.lib ole32.lib oleaut32.lib uuid.lib odbc32.lib odbccp32.lib /MANIFEST /MANIFESTUAC:"level='asInvoker' uiAccess='false'" /manifest:embed /DEBUG /PDB:"C:\Users\YoungLee\Desktop\RayTrace123\Release\RayTrace.pdb" /OPT:REF /OPT:ICF /LTCG /TLBID:1 /DYNAMICBASE /NXCOMPAT /IMPLIB:"C:\Users\YoungLee\Desktop\RayTrace123\Release\RayTrace.lib" /MACHINE:X86 /SAFESEH Release\3ds.obj
         Release\starter.obj
         Release\xmlParser.obj
         正在生成代码
         已完成代码的生成
         RayTrace.vcxproj -> C:\Users\YoungLee\Desktop\RayTrace123\Release\RayTrace.exe
     1>已完成生成项目“C:\Users\YoungLee\Desktop\RayTrace123\RayTrace\RayTrace.vcxproj”(Build 个目标)的操作。

生成成功。

已用时间 00:00:03.12
