生成启动时间为 2014/12/4 4:32:21。
     1>项目“C:\Users\YoungLee\Desktop\RayTrace123\RayTrace\RayTrace.vcxproj”在节点 2 上(Build 个目标)。
     1>ClCompile:
         G:\Program Files (x86)\Microsoft Visual Studio 12.0\VC\bin\CL.exe /c /ZI /nologo /W3 /WX- /Od /Oy- /D _MBCS /Gm /EHsc /RTC1 /MDd /GS /fp:precise /Zc:wchar_t /Zc:forScope /Fo"Debug\\" /Fd"Debug\vc120.pdb" /Gd /TP /analyze- /errorReport:prompt starter.cpp
         starter.cpp
     1>c:\users\younglee\desktop\raytrace123\raytrace\scene.h(471): warning C4996: 'stricmp': The POSIX name for this item is deprecated. Instead, use the ISO C++ conformant name: _stricmp. See online help for details.
                 g:\program files (x86)\microsoft visual studio 12.0\vc\include\string.h(253) : 参见“stricmp”的声明
     1>c:\users\younglee\desktop\raytrace123\raytrace\scene.h(484): warning C4996: 'stricmp': The POSIX name for this item is deprecated. Instead, use the ISO C++ conformant name: _stricmp. See online help for details.
                 g:\program files (x86)\microsoft visual studio 12.0\vc\include\string.h(253) : 参见“stricmp”的声明
     1>c:\users\younglee\desktop\raytrace123\raytrace\scene.h(520): warning C4996: 'stricmp': The POSIX name for this item is deprecated. Instead, use the ISO C++ conformant name: _stricmp. See online help for details.
                 g:\program files (x86)\microsoft visual studio 12.0\vc\include\string.h(253) : 参见“stricmp”的声明
     1>c:\users\younglee\desktop\raytrace123\raytrace\raytrace.h(96): warning C4018: “<”: 有符号/无符号不匹配
     1>c:\users\younglee\desktop\raytrace123\raytrace\raytrace.h(235): warning C4018: “<”: 有符号/无符号不匹配
     1>c:\users\younglee\desktop\raytrace123\raytrace\raytrace.h(243): warning C4101: “triangle”: 未引用的局部变量
       Link:
         G:\Program Files (x86)\Microsoft Visual Studio 12.0\VC\bin\link.exe /ERRORREPORT:PROMPT /OUT:"C:\Users\YoungLee\Desktop\RayTrace123\Debug\RayTrace.exe" /INCREMENTAL /NOLOGO kernel32.lib user32.lib gdi32.lib winspool.lib comdlg32.lib advapi32.lib shell32.lib ole32.lib oleaut32.lib uuid.lib odbc32.lib odbccp32.lib /MANIFEST /MANIFESTUAC:"level='asInvoker' uiAccess='false'" /manifest:embed /DEBUG /PDB:"C:\Users\YoungLee\Desktop\RayTrace123\Debug\RayTrace.pdb" /TLBID:1 /DYNAMICBASE /NXCOMPAT /IMPLIB:"C:\Users\YoungLee\Desktop\RayTrace123\Debug\RayTrace.lib" /MACHINE:X86 Debug\3ds.obj
         Debug\starter.obj
         Debug\xmlParser.obj
         RayTrace.vcxproj -> C:\Users\YoungLee\Desktop\RayTrace123\Debug\RayTrace.exe
     1>已完成生成项目“C:\Users\YoungLee\Desktop\RayTrace123\RayTrace\RayTrace.vcxproj”(Build 个目标)的操作。

生成成功。

已用时间 00:00:01.67
